[07-Feb-2018 23:05:38 UTC] PHP Parse error:  syntax error, unexpected '}', expecting ',' or ';' in /home/ubuntu/workspace/yfunaki/PRACTICE/randomcolor.php on line 4
[07-Feb-2018 23:05:52 UTC] PHP Parse error:  syntax error, unexpected '<' in /home/ubuntu/workspace/yfunaki/PRACTICE/randomcolor.php on line 17
[07-Feb-2018 23:07:07 UTC] PHP Parse error:  syntax error, unexpected ':' in /home/ubuntu/workspace/yfunaki/PRACTICE/randomcolor.php on line 17
[12-Feb-2018 22:39:45 UTC] PHP Parse error:  syntax error, unexpected '<' in /home/ubuntu/workspace/yfunaki/PRACTICE/php_arrays.php on line 14
[19-Feb-2018 23:33:31 UTC] PHP Warning:  Missing argument 1 for drawTable(), called in /home/ubuntu/workspace/yfunaki/CHALLENGES/passwordChallenge.php on line 62 and defined in /home/ubuntu/workspace/yfunaki/CHALLENGES/passwordChallenge.php on line 8
[19-Feb-2018 23:33:31 UTC] PHP Stack trace:
[19-Feb-2018 23:33:31 UTC] PHP   1. {main}() /home/ubuntu/workspace/yfunaki/CHALLENGES/passwordChallenge.php:0
[19-Feb-2018 23:33:31 UTC] PHP   2. drawTable() /home/ubuntu/workspace/yfunaki/CHALLENGES/passwordChallenge.php:62
[19-Feb-2018 23:33:31 UTC] PHP Warning:  Missing argument 2 for drawTable(), called in /home/ubuntu/workspace/yfunaki/CHALLENGES/passwordChallenge.php on line 62 and defined in /home/ubuntu/workspace/yfunaki/CHALLENGES/passwordChallenge.php on line 8
[19-Feb-2018 23:33:31 UTC] PHP Stack trace:
[19-Feb-2018 23:33:31 UTC] PHP   1. {main}() /home/ubuntu/workspace/yfunaki/CHALLENGES/passwordChallenge.php:0
[19-Feb-2018 23:33:31 UTC] PHP   2. drawTable() /home/ubuntu/workspace/yfunaki/CHALLENGES/passwordChallenge.php:62
[19-Feb-2018 23:36:07 UTC] PHP Parse error:  syntax error, unexpected 'choosePassword' (T_STRING), expecting ',' or ';' in /home/ubuntu/workspace/yfunaki/CHALLENGES/passwordChallenge.php on line 15
[01-May-2018 21:12:51 UTC] PHP Fatal error:  Uncaught exception 'PDOException' with message 'SQLSTATE[42S02]: Base table or view not found: 1146 Table 'otterstyle.om_admin' doesn't exist' in /home/ubuntu/workspace/yfunaki/FINAL/loginProcess.php:27
Stack trace:
#0 /home/ubuntu/workspace/yfunaki/FINAL/loginProcess.php(27): PDOStatement->execute(Array)
#1 {main}
  thrown in /home/ubuntu/workspace/yfunaki/FINAL/loginProcess.php on line 27
[01-May-2018 21:51:52 UTC] PHP Fatal error:  Uncaught exception 'PDOException' with message 'SQLSTATE[42S02]: Base table or view not found: 1146 Table 'otterstyle.om_product' doesn't exist' in /home/ubuntu/workspace/yfunaki/FINAL/updateProduct.php:13
Stack trace:
#0 /home/ubuntu/workspace/yfunaki/FINAL/updateProduct.php(13): PDOStatement->execute()
#1 /home/ubuntu/workspace/yfunaki/FINAL/updateProduct.php(46): getProductInfo()
#2 {main}
  thrown in /home/ubuntu/workspace/yfunaki/FINAL/updateProduct.php on line 13
[01-May-2018 21:56:10 UTC] PHP Fatal error:  Call to undefined function alert() in /home/ubuntu/workspace/yfunaki/FINAL/updateProduct.php on line 46
[01-May-2018 21:56:10 UTC] PHP Stack trace:
[01-May-2018 21:56:10 UTC] PHP   1. {main}() /home/ubuntu/workspace/yfunaki/FINAL/updateProduct.php:0
[02-May-2018 16:38:44 UTC] PHP Fatal error:  Cannot redeclare getDatabaseConnection() (previously declared in /home/ubuntu/workspace/yfunaki/dbConnection.php:3) in /home/ubuntu/workspace/dbConnection.php on line 3
[02-May-2018 16:38:44 UTC] PHP Stack trace:
[02-May-2018 16:38:44 UTC] PHP   1. {main}() /home/ubuntu/workspace/yfunaki/FINAL/addProduct.php:0
[02-May-2018 17:18:48 UTC] PHP Fatal error:  Uncaught exception 'PDOException' with message 'SQLSTATE[42S22]: Column not found: 1054 Unknown column 'price' in 'field list'' in /home/ubuntu/workspace/yfunaki/FINAL/report1.php:14
Stack trace:
#0 /home/ubuntu/workspace/yfunaki/FINAL/report1.php(14): PDOStatement->execute()
#1 {main}
  thrown in /home/ubuntu/workspace/yfunaki/FINAL/report1.php on line 14
[02-May-2018 17:31:59 UTC] PHP Fatal error:  Uncaught exception 'PDOException' with message 'SQLSTATE[42S22]: Column not found: 1054 Unknown column 'gender' in 'field list'' in /home/ubuntu/workspace/yfunaki/FINAL/report.php:41
Stack trace:
#0 /home/ubuntu/workspace/yfunaki/FINAL/report.php(41): PDOStatement->execute()
#1 {main}
  thrown in /home/ubuntu/workspace/yfunaki/FINAL/report.php on line 41
[02-May-2018 17:34:32 UTC] PHP Fatal error:  Uncaught exception 'PDOException' with message 'SQLSTATE[23000]: Integrity constraint violation: 1048 Column 'productPrice' cannot be null' in /home/ubuntu/workspace/yfunaki/FINAL/addProduct.php:49
Stack trace:
#0 /home/ubuntu/workspace/yfunaki/FINAL/addProduct.php(49): PDOStatement->execute(Array)
#1 {main}
  thrown in /home/ubuntu/workspace/yfunaki/FINAL/addProduct.php on line 49
[02-May-2018 17:37:41 UTC] PHP Fatal error:  Uncaught exception 'PDOException' with message 'SQLSTATE[23000]: Integrity constraint violation: 1048 Column 'productPrice' cannot be null' in /home/ubuntu/workspace/yfunaki/FINAL/addProduct.php:50
Stack trace:
#0 /home/ubuntu/workspace/yfunaki/FINAL/addProduct.php(50): PDOStatement->execute(Array)
#1 {main}
  thrown in /home/ubuntu/workspace/yfunaki/FINAL/addProduct.php on line 50
[04-May-2018 17:29:32 UTC] PHP Warning:  log() expects parameter 1 to be double, array given in /home/ubuntu/workspace/yfunaki/FINAL/updateProduct.php on line 52
[04-May-2018 17:29:32 UTC] PHP Stack trace:
[04-May-2018 17:29:32 UTC] PHP   1. {main}() /home/ubuntu/workspace/yfunaki/FINAL/updateProduct.php:0
[04-May-2018 17:29:32 UTC] PHP   2. log() /home/ubuntu/workspace/yfunaki/FINAL/updateProduct.php:52
[04-May-2018 17:30:00 UTC] PHP Warning:  log() expects parameter 1 to be double, array given in /home/ubuntu/workspace/yfunaki/FINAL/updateProduct.php on line 52
[04-May-2018 17:30:00 UTC] PHP Stack trace:
[04-May-2018 17:30:00 UTC] PHP   1. {main}() /home/ubuntu/workspace/yfunaki/FINAL/updateProduct.php:0
[04-May-2018 17:30:00 UTC] PHP   2. log() /home/ubuntu/workspace/yfunaki/FINAL/updateProduct.php:52
[04-May-2018 17:33:19 UTC] PHP Parse error:  syntax error, unexpected ':' in /home/ubuntu/workspace/yfunaki/FINAL/updateProduct.php on line 26
[04-May-2018 17:33:34 UTC] PHP Warning:  log() expects parameter 1 to be double, string given in /home/ubuntu/workspace/yfunaki/FINAL/updateProduct.php on line 26
[04-May-2018 17:33:34 UTC] PHP Stack trace:
[04-May-2018 17:33:34 UTC] PHP   1. {main}() /home/ubuntu/workspace/yfunaki/FINAL/updateProduct.php:0
[04-May-2018 17:33:34 UTC] PHP   2. log() /home/ubuntu/workspace/yfunaki/FINAL/updateProduct.php:26
[04-May-2018 17:33:34 UTC] PHP Warning:  log() expects parameter 1 to be double, array given in /home/ubuntu/workspace/yfunaki/FINAL/updateProduct.php on line 53
[04-May-2018 17:33:34 UTC] PHP Stack trace:
[04-May-2018 17:33:34 UTC] PHP   1. {main}() /home/ubuntu/workspace/yfunaki/FINAL/updateProduct.php:0
[04-May-2018 17:33:34 UTC] PHP   2. log() /home/ubuntu/workspace/yfunaki/FINAL/updateProduct.php:53
[04-May-2018 17:33:44 UTC] PHP Warning:  log() expects parameter 1 to be double, string given in /home/ubuntu/workspace/yfunaki/FINAL/updateProduct.php on line 26
[04-May-2018 17:33:44 UTC] PHP Stack trace:
[04-May-2018 17:33:44 UTC] PHP   1. {main}() /home/ubuntu/workspace/yfunaki/FINAL/updateProduct.php:0
[04-May-2018 17:33:44 UTC] PHP   2. log() /home/ubuntu/workspace/yfunaki/FINAL/updateProduct.php:26
[04-May-2018 17:33:44 UTC] PHP Warning:  log() expects parameter 1 to be double, array given in /home/ubuntu/workspace/yfunaki/FINAL/updateProduct.php on line 53
[04-May-2018 17:33:44 UTC] PHP Stack trace:
[04-May-2018 17:33:44 UTC] PHP   1. {main}() /home/ubuntu/workspace/yfunaki/FINAL/updateProduct.php:0
[04-May-2018 17:33:44 UTC] PHP   2. log() /home/ubuntu/workspace/yfunaki/FINAL/updateProduct.php:53
[04-May-2018 17:41:58 UTC] PHP Warning:  log() expects parameter 1 to be double, string given in /home/ubuntu/workspace/yfunaki/FINAL/updateProduct.php on line 26
[04-May-2018 17:41:58 UTC] PHP Stack trace:
[04-May-2018 17:41:58 UTC] PHP   1. {main}() /home/ubuntu/workspace/yfunaki/FINAL/updateProduct.php:0
[04-May-2018 17:41:58 UTC] PHP   2. log() /home/ubuntu/workspace/yfunaki/FINAL/updateProduct.php:26
[04-May-2018 17:41:58 UTC] PHP Warning:  log() expects parameter 1 to be double, array given in /home/ubuntu/workspace/yfunaki/FINAL/updateProduct.php on line 53
[04-May-2018 17:41:58 UTC] PHP Stack trace:
[04-May-2018 17:41:58 UTC] PHP   1. {main}() /home/ubuntu/workspace/yfunaki/FINAL/updateProduct.php:0
[04-May-2018 17:41:58 UTC] PHP   2. log() /home/ubuntu/workspace/yfunaki/FINAL/updateProduct.php:53
[04-May-2018 17:42:55 UTC] PHP Warning:  log() expects parameter 1 to be double, string given in /home/ubuntu/workspace/yfunaki/FINAL/updateProduct.php on line 27
[04-May-2018 17:42:55 UTC] PHP Stack trace:
[04-May-2018 17:42:55 UTC] PHP   1. {main}() /home/ubuntu/workspace/yfunaki/FINAL/updateProduct.php:0
[04-May-2018 17:42:55 UTC] PHP   2. log() /home/ubuntu/workspace/yfunaki/FINAL/updateProduct.php:27
[04-May-2018 17:42:55 UTC] PHP Warning:  log() expects parameter 1 to be double, array given in /home/ubuntu/workspace/yfunaki/FINAL/updateProduct.php on line 54
[04-May-2018 17:42:55 UTC] PHP Stack trace:
[04-May-2018 17:42:55 UTC] PHP   1. {main}() /home/ubuntu/workspace/yfunaki/FINAL/updateProduct.php:0
[04-May-2018 17:42:55 UTC] PHP   2. log() /home/ubuntu/workspace/yfunaki/FINAL/updateProduct.php:54
[04-May-2018 17:50:17 UTC] PHP Warning:  log() expects parameter 1 to be double, string given in /home/ubuntu/workspace/yfunaki/FINAL/updateProduct.php on line 27
[04-May-2018 17:50:17 UTC] PHP Stack trace:
[04-May-2018 17:50:17 UTC] PHP   1. {main}() /home/ubuntu/workspace/yfunaki/FINAL/updateProduct.php:0
[04-May-2018 17:50:17 UTC] PHP   2. log() /home/ubuntu/workspace/yfunaki/FINAL/updateProduct.php:27
[04-May-2018 17:50:17 UTC] PHP Fatal error:  Uncaught exception 'PDOException' with message 'SQLSTATE[HY093]: Invalid parameter number: parameter was not defined' in /home/ubuntu/workspace/yfunaki/FINAL/updateProduct.php:51
Stack trace:
#0 /home/ubuntu/workspace/yfunaki/FINAL/updateProduct.php(51): PDOStatement->execute(Array)
#1 {main}
  thrown in /home/ubuntu/workspace/yfunaki/FINAL/updateProduct.php on line 51
[04-May-2018 17:51:22 UTC] PHP Fatal error:  Uncaught exception 'PDOException' with message 'SQLSTATE[HY093]: Invalid parameter number: parameter was not defined' in /home/ubuntu/workspace/yfunaki/FINAL/updateProduct.php:50
Stack trace:
#0 /home/ubuntu/workspace/yfunaki/FINAL/updateProduct.php(50): PDOStatement->execute(Array)
#1 {main}
  thrown in /home/ubuntu/workspace/yfunaki/FINAL/updateProduct.php on line 50
[04-May-2018 17:53:12 UTC] PHP Fatal error:  Uncaught exception 'PDOException' with message 'SQLSTATE[HY093]: Invalid parameter number: parameter was not defined' in /home/ubuntu/workspace/yfunaki/FINAL/updateProduct.php:50
Stack trace:
#0 /home/ubuntu/workspace/yfunaki/FINAL/updateProduct.php(50): PDOStatement->execute(Array)
#1 {main}
  thrown in /home/ubuntu/workspace/yfunaki/FINAL/updateProduct.php on line 50
[04-May-2018 17:53:16 UTC] PHP Fatal error:  Uncaught exception 'PDOException' with message 'SQLSTATE[HY093]: Invalid parameter number: parameter was not defined' in /home/ubuntu/workspace/yfunaki/FINAL/updateProduct.php:50
Stack trace:
#0 /home/ubuntu/workspace/yfunaki/FINAL/updateProduct.php(50): PDOStatement->execute(Array)
#1 {main}
  thrown in /home/ubuntu/workspace/yfunaki/FINAL/updateProduct.php on line 50
[04-May-2018 17:53:18 UTC] PHP Fatal error:  Uncaught exception 'PDOException' with message 'SQLSTATE[HY093]: Invalid parameter number: parameter was not defined' in /home/ubuntu/workspace/yfunaki/FINAL/updateProduct.php:50
Stack trace:
#0 /home/ubuntu/workspace/yfunaki/FINAL/updateProduct.php(50): PDOStatement->execute(Array)
#1 {main}
  thrown in /home/ubuntu/workspace/yfunaki/FINAL/updateProduct.php on line 50
[04-May-2018 17:53:33 UTC] PHP Fatal error:  Uncaught exception 'PDOException' with message 'SQLSTATE[HY093]: Invalid parameter number: parameter was not defined' in /home/ubuntu/workspace/yfunaki/FINAL/updateProduct.php:50
Stack trace:
#0 /home/ubuntu/workspace/yfunaki/FINAL/updateProduct.php(50): PDOStatement->execute(Array)
#1 {main}
  thrown in /home/ubuntu/workspace/yfunaki/FINAL/updateProduct.php on line 50
