[21-Feb-2018 23:02:15 UTC] PHP Parse error:  syntax error, unexpected '{' in /home/ubuntu/workspace/yfunaki/LABS/lab4/index.php on line 2
[21-Feb-2018 23:02:36 UTC] PHP Parse error:  syntax error, unexpected ':' in /home/ubuntu/workspace/yfunaki/LABS/lab4/index.php on line 3
[26-Feb-2018 23:38:23 UTC] PHP Parse error:  syntax error, unexpected 'searchTitle' (T_STRING), expecting ',' or ';' in /home/ubuntu/workspace/yfunaki/LABS/lab4/index.php on line 11
[01-Mar-2018 00:10:15 UTC] PHP Parse error:  syntax error, unexpected end of file in /home/ubuntu/workspace/yfunaki/LABS/lab4/index.php on line 231
[01-Mar-2018 20:16:05 UTC] PHP Parse error:  syntax error, unexpected ')' in /home/ubuntu/workspace/yfunaki/LABS/lab4/index.php on line 18
[01-Mar-2018 20:24:25 UTC] PHP Parse error:  syntax error, unexpected '' (T_ENCAPSED_AND_WHITESPACE), expecting identifier (T_STRING) or variable (T_VARIABLE) or number (T_NUM_STRING) in /home/ubuntu/workspace/yfunaki/LABS/lab4/index.php on line 22
[12-Mar-2018 22:11:11 UTC] PHP Warning:  Invalid argument supplied for foreach() in /home/ubuntu/workspace/yfunaki/LABS/lab6/index.php on line 18
[12-Mar-2018 22:11:11 UTC] PHP Stack trace:
[12-Mar-2018 22:11:11 UTC] PHP   1. {main}() /home/ubuntu/workspace/yfunaki/LABS/lab6/index.php:0
[12-Mar-2018 22:11:48 UTC] PHP Warning:  Invalid argument supplied for foreach() in /home/ubuntu/workspace/yfunaki/LABS/lab6/index.php on line 18
[12-Mar-2018 22:11:48 UTC] PHP Stack trace:
[12-Mar-2018 22:11:48 UTC] PHP   1. {main}() /home/ubuntu/workspace/yfunaki/LABS/lab6/index.php:0
[12-Mar-2018 22:12:16 UTC] PHP Warning:  Invalid argument supplied for foreach() in /home/ubuntu/workspace/yfunaki/LABS/lab6/index.php on line 18
[12-Mar-2018 22:12:16 UTC] PHP Stack trace:
[12-Mar-2018 22:12:16 UTC] PHP   1. {main}() /home/ubuntu/workspace/yfunaki/LABS/lab6/index.php:0
[12-Mar-2018 22:12:19 UTC] PHP Warning:  Invalid argument supplied for foreach() in /home/ubuntu/workspace/yfunaki/LABS/lab6/index.php on line 18
[12-Mar-2018 22:12:19 UTC] PHP Stack trace:
[12-Mar-2018 22:12:19 UTC] PHP   1. {main}() /home/ubuntu/workspace/yfunaki/LABS/lab6/index.php:0
[12-Mar-2018 22:21:00 UTC] PHP Warning:  Division by zero in /home/ubuntu/workspace/yfunaki/LABS/lab6/index.php on line 31
[12-Mar-2018 22:21:00 UTC] PHP Stack trace:
[12-Mar-2018 22:21:00 UTC] PHP   1. {main}() /home/ubuntu/workspace/yfunaki/LABS/lab6/index.php:0
[12-Mar-2018 22:21:00 UTC] PHP   2. displaySearchResults() /home/ubuntu/workspace/yfunaki/LABS/lab6/index.php:80
[12-Mar-2018 22:21:00 UTC] PHP Warning:  Division by zero in /home/ubuntu/workspace/yfunaki/LABS/lab6/index.php on line 31
[12-Mar-2018 22:21:00 UTC] PHP Stack trace:
[12-Mar-2018 22:21:00 UTC] PHP   1. {main}() /home/ubuntu/workspace/yfunaki/LABS/lab6/index.php:0
[12-Mar-2018 22:21:00 UTC] PHP   2. displaySearchResults() /home/ubuntu/workspace/yfunaki/LABS/lab6/index.php:80
[12-Mar-2018 22:21:00 UTC] PHP Fatal error:  Uncaught exception 'PDOException' with message 'SQLSTATE[42000]: Syntax error or access violation: 1065 Query was empty' in /home/ubuntu/workspace/yfunaki/LABS/lab6/index.php:34
Stack trace:
#0 /home/ubuntu/workspace/yfunaki/LABS/lab6/index.php(34): PDOStatement->execute()
#1 /home/ubuntu/workspace/yfunaki/LABS/lab6/index.php(80): displaySearchResults()
#2 {main}
  thrown in /home/ubuntu/workspace/yfunaki/LABS/lab6/index.php on line 34
[12-Mar-2018 22:21:09 UTC] PHP Warning:  Division by zero in /home/ubuntu/workspace/yfunaki/LABS/lab6/index.php on line 31
[12-Mar-2018 22:21:09 UTC] PHP Stack trace:
[12-Mar-2018 22:21:09 UTC] PHP   1. {main}() /home/ubuntu/workspace/yfunaki/LABS/lab6/index.php:0
[12-Mar-2018 22:21:09 UTC] PHP   2. displaySearchResults() /home/ubuntu/workspace/yfunaki/LABS/lab6/index.php:80
[12-Mar-2018 22:21:09 UTC] PHP Warning:  Division by zero in /home/ubuntu/workspace/yfunaki/LABS/lab6/index.php on line 31
[12-Mar-2018 22:21:09 UTC] PHP Stack trace:
[12-Mar-2018 22:21:09 UTC] PHP   1. {main}() /home/ubuntu/workspace/yfunaki/LABS/lab6/index.php:0
[12-Mar-2018 22:21:09 UTC] PHP   2. displaySearchResults() /home/ubuntu/workspace/yfunaki/LABS/lab6/index.php:80
[12-Mar-2018 22:21:09 UTC] PHP Fatal error:  Uncaught exception 'PDOException' with message 'SQLSTATE[42000]: Syntax error or access violation: 1065 Query was empty' in /home/ubuntu/workspace/yfunaki/LABS/lab6/index.php:34
Stack trace:
#0 /home/ubuntu/workspace/yfunaki/LABS/lab6/index.php(34): PDOStatement->execute()
#1 /home/ubuntu/workspace/yfunaki/LABS/lab6/index.php(80): displaySearchResults()
#2 {main}
  thrown in /home/ubuntu/workspace/yfunaki/LABS/lab6/index.php on line 34
[12-Mar-2018 22:21:26 UTC] PHP Parse error:  syntax error, unexpected '"', expecting identifier (T_STRING) or variable (T_VARIABLE) or number (T_NUM_STRING) in /home/ubuntu/workspace/yfunaki/LABS/lab6/index.php on line 39
[12-Mar-2018 22:21:52 UTC] PHP Parse error:  syntax error, unexpected '' (T_ENCAPSED_AND_WHITESPACE), expecting identifier (T_STRING) or variable (T_VARIABLE) or number (T_NUM_STRING) in /home/ubuntu/workspace/yfunaki/LABS/lab6/index.php on line 31
[12-Mar-2018 22:39:29 UTC] PHP Fatal error:  Uncaught exception 'PDOException' with message 'SQLSTATE[42000]: Syntax error or access violation: 1064 You have an error in your SQL syntax; check the manual that corresponds to your MySQL server version for the right syntax to use near 'productName LIKE '%ball%'' at line 1' in /home/ubuntu/workspace/yfunaki/LABS/lab6/index.php:44
Stack trace:
#0 /home/ubuntu/workspace/yfunaki/LABS/lab6/index.php(44): PDOStatement->execute(Array)
#1 /home/ubuntu/workspace/yfunaki/LABS/lab6/index.php(90): displaySearchResults()
#2 {main}
  thrown in /home/ubuntu/workspace/yfunaki/LABS/lab6/index.php on line 44
[12-Mar-2018 22:42:09 UTC] PHP Fatal error:  Uncaught exception 'PDOException' with message 'SQLSTATE[42000]: Syntax error or access violation: 1064 You have an error in your SQL syntax; check the manual that corresponds to your MySQL server version for the right syntax to use near 'catId = '%4%'' at line 1' in /home/ubuntu/workspace/yfunaki/LABS/lab6/index.php:49
Stack trace:
#0 /home/ubuntu/workspace/yfunaki/LABS/lab6/index.php(49): PDOStatement->execute(Array)
#1 /home/ubuntu/workspace/yfunaki/LABS/lab6/index.php(95): displaySearchResults()
#2 {main}
  thrown in /home/ubuntu/workspace/yfunaki/LABS/lab6/index.php on line 49
[12-Mar-2018 22:42:17 UTC] PHP Fatal error:  Uncaught exception 'PDOException' with message 'SQLSTATE[42000]: Syntax error or access violation: 1064 You have an error in your SQL syntax; check the manual that corresponds to your MySQL server version for the right syntax to use near 'catId = '%5%'' at line 1' in /home/ubuntu/workspace/yfunaki/LABS/lab6/index.php:49
Stack trace:
#0 /home/ubuntu/workspace/yfunaki/LABS/lab6/index.php(49): PDOStatement->execute(Array)
#1 /home/ubuntu/workspace/yfunaki/LABS/lab6/index.php(95): displaySearchResults()
#2 {main}
  thrown in /home/ubuntu/workspace/yfunaki/LABS/lab6/index.php on line 49
[31-Mar-2018 05:50:40 UTC] PHP Warning:  Invalid argument supplied for foreach() in /home/ubuntu/workspace/yfunaki/LABS/lab6/index.php on line 7
[31-Mar-2018 05:50:40 UTC] PHP Stack trace:
[31-Mar-2018 05:50:40 UTC] PHP   1. {main}() /home/ubuntu/workspace/yfunaki/LABS/lab6/index.php:0
[31-Mar-2018 05:50:40 UTC] PHP Warning:  array_push() expects parameter 1 to be array, null given in /home/ubuntu/workspace/yfunaki/LABS/lab6/index.php on line 19
[31-Mar-2018 05:50:40 UTC] PHP Stack trace:
[31-Mar-2018 05:50:40 UTC] PHP   1. {main}() /home/ubuntu/workspace/yfunaki/LABS/lab6/index.php:0
[31-Mar-2018 05:50:40 UTC] PHP   2. array_push() /home/ubuntu/workspace/yfunaki/LABS/lab6/index.php:19
