[12-Mar-2018 21:28:58 UTC] PHP Fatal error:  Uncaught exception 'PDOException' with message 'SQLSTATE[HY000] [1049] Unknown database 'ottermrt'' in /home/ubuntu/workspace/yfunaki/CHALLENGES/challenge4/reports.php:35
Stack trace:
#0 /home/ubuntu/workspace/yfunaki/CHALLENGES/challenge4/reports.php(35): PDO->__construct('mysql:host=loca...', 'root', '')
#1 {main}
  thrown in /home/ubuntu/workspace/yfunaki/CHALLENGES/challenge4/reports.php on line 35
[12-Mar-2018 21:37:27 UTC] PHP Fatal error:  Uncaught exception 'PDOException' with message 'SQLSTATE[42S02]: Base table or view not found: 1146 Table 'ottermart.product' doesn't exist' in /home/ubuntu/workspace/yfunaki/CHALLENGES/challenge4/reports.php:48
Stack trace:
#0 /home/ubuntu/workspace/yfunaki/CHALLENGES/challenge4/reports.php(48): PDOStatement->execute()
#1 {main}
  thrown in /home/ubuntu/workspace/yfunaki/CHALLENGES/challenge4/reports.php on line 48
[12-Mar-2018 21:37:42 UTC] PHP Fatal error:  Uncaught exception 'PDOException' with message 'SQLSTATE[42S02]: Base table or view not found: 1146 Table 'ottermart.product' doesn't exist' in /home/ubuntu/workspace/yfunaki/CHALLENGES/challenge4/reports.php:46
Stack trace:
#0 /home/ubuntu/workspace/yfunaki/CHALLENGES/challenge4/reports.php(46): PDOStatement->execute()
#1 {main}
  thrown in /home/ubuntu/workspace/yfunaki/CHALLENGES/challenge4/reports.php on line 46
[09-Apr-2018 22:18:21 UTC] PHP Parse error:  syntax error, unexpected '$guess' (T_VARIABLE), expecting '(' in /home/ubuntu/workspace/yfunaki/CHALLENGES/challenge5/index.php on line 17
[09-Apr-2018 22:26:10 UTC] PHP Fatal error:  Call to undefined function guessHistory() in /home/ubuntu/workspace/yfunaki/CHALLENGES/challenge5/index.php on line 61
[09-Apr-2018 22:26:10 UTC] PHP Stack trace:
[09-Apr-2018 22:26:10 UTC] PHP   1. {main}() /home/ubuntu/workspace/yfunaki/CHALLENGES/challenge5/index.php:0
[09-Apr-2018 22:38:47 UTC] PHP Fatal error:  Call to undefined function arr() in /home/ubuntu/workspace/yfunaki/CHALLENGES/challenge5/index.php on line 4
[09-Apr-2018 22:38:47 UTC] PHP Stack trace:
[09-Apr-2018 22:38:47 UTC] PHP   1. {main}() /home/ubuntu/workspace/yfunaki/CHALLENGES/challenge5/index.php:0
[09-Apr-2018 22:41:53 UTC] PHP Parse error:  syntax error, unexpected '.', expecting variable (T_VARIABLE) or '$' in /home/ubuntu/workspace/yfunaki/CHALLENGES/challenge5/index.php on line 67
[09-Apr-2018 22:44:48 UTC] PHP Parse error:  syntax error, unexpected '$' in /home/ubuntu/workspace/yfunaki/CHALLENGES/challenge5/index.php on line 18
[09-Apr-2018 22:44:53 UTC] PHP Parse error:  syntax error, unexpected '$' in /home/ubuntu/workspace/yfunaki/CHALLENGES/challenge5/index.php on line 18
[11-Apr-2018 21:01:49 UTC] PHP Parse error:  syntax error, unexpected '$_SESSION' (T_VARIABLE), expecting ',' or ';' in /home/ubuntu/workspace/yfunaki/CHALLENGES/challenge5/index.php on line 11
[11-Apr-2018 21:06:28 UTC] PHP Fatal error:  Function name must be a string in /home/ubuntu/workspace/yfunaki/CHALLENGES/challenge5/index.php on line 70
[11-Apr-2018 21:06:28 UTC] PHP Stack trace:
[11-Apr-2018 21:06:28 UTC] PHP   1. {main}() /home/ubuntu/workspace/yfunaki/CHALLENGES/challenge5/index.php:0
[11-Apr-2018 21:06:28 UTC] PHP   2. guessHistory() /home/ubuntu/workspace/yfunaki/CHALLENGES/challenge5/index.php:95
[11-Apr-2018 21:06:44 UTC] PHP Fatal error:  Function name must be a string in /home/ubuntu/workspace/yfunaki/CHALLENGES/challenge5/index.php on line 70
[11-Apr-2018 21:06:44 UTC] PHP Stack trace:
[11-Apr-2018 21:06:44 UTC] PHP   1. {main}() /home/ubuntu/workspace/yfunaki/CHALLENGES/challenge5/index.php:0
[11-Apr-2018 21:06:44 UTC] PHP   2. guessHistory() /home/ubuntu/workspace/yfunaki/CHALLENGES/challenge5/index.php:95
[11-Apr-2018 21:07:04 UTC] PHP Fatal error:  Function name must be a string in /home/ubuntu/workspace/yfunaki/CHALLENGES/challenge5/index.php on line 70
[11-Apr-2018 21:07:04 UTC] PHP Stack trace:
[11-Apr-2018 21:07:04 UTC] PHP   1. {main}() /home/ubuntu/workspace/yfunaki/CHALLENGES/challenge5/index.php:0
[11-Apr-2018 21:07:04 UTC] PHP   2. guessHistory() /home/ubuntu/workspace/yfunaki/CHALLENGES/challenge5/index.php:95
[11-Apr-2018 21:08:05 UTC] PHP Fatal error:  Function name must be a string in /home/ubuntu/workspace/yfunaki/CHALLENGES/challenge5/index.php on line 55
[11-Apr-2018 21:08:05 UTC] PHP Stack trace:
[11-Apr-2018 21:08:05 UTC] PHP   1. {main}() /home/ubuntu/workspace/yfunaki/CHALLENGES/challenge5/index.php:0
[11-Apr-2018 21:08:05 UTC] PHP   2. Num() /home/ubuntu/workspace/yfunaki/CHALLENGES/challenge5/index.php:26
[11-Apr-2018 21:08:28 UTC] PHP Fatal error:  Function name must be a string in /home/ubuntu/workspace/yfunaki/CHALLENGES/challenge5/index.php on line 55
[11-Apr-2018 21:08:28 UTC] PHP Stack trace:
[11-Apr-2018 21:08:28 UTC] PHP   1. {main}() /home/ubuntu/workspace/yfunaki/CHALLENGES/challenge5/index.php:0
[11-Apr-2018 21:08:28 UTC] PHP   2. Num() /home/ubuntu/workspace/yfunaki/CHALLENGES/challenge5/index.php:26
[11-Apr-2018 21:08:38 UTC] PHP Fatal error:  Function name must be a string in /home/ubuntu/workspace/yfunaki/CHALLENGES/challenge5/index.php on line 55
[11-Apr-2018 21:08:38 UTC] PHP Stack trace:
[11-Apr-2018 21:08:38 UTC] PHP   1. {main}() /home/ubuntu/workspace/yfunaki/CHALLENGES/challenge5/index.php:0
[11-Apr-2018 21:08:38 UTC] PHP   2. Num() /home/ubuntu/workspace/yfunaki/CHALLENGES/challenge5/index.php:26
[11-Apr-2018 21:08:43 UTC] PHP Fatal error:  Function name must be a string in /home/ubuntu/workspace/yfunaki/CHALLENGES/challenge5/index.php on line 55
[11-Apr-2018 21:08:43 UTC] PHP Stack trace:
[11-Apr-2018 21:08:43 UTC] PHP   1. {main}() /home/ubuntu/workspace/yfunaki/CHALLENGES/challenge5/index.php:0
[11-Apr-2018 21:08:43 UTC] PHP   2. Num() /home/ubuntu/workspace/yfunaki/CHALLENGES/challenge5/index.php:26
[11-Apr-2018 21:08:44 UTC] PHP Fatal error:  Function name must be a string in /home/ubuntu/workspace/yfunaki/CHALLENGES/challenge5/index.php on line 55
[11-Apr-2018 21:08:44 UTC] PHP Stack trace:
[11-Apr-2018 21:08:44 UTC] PHP   1. {main}() /home/ubuntu/workspace/yfunaki/CHALLENGES/challenge5/index.php:0
[11-Apr-2018 21:08:44 UTC] PHP   2. Num() /home/ubuntu/workspace/yfunaki/CHALLENGES/challenge5/index.php:26
[11-Apr-2018 21:08:49 UTC] PHP Fatal error:  Function name must be a string in /home/ubuntu/workspace/yfunaki/CHALLENGES/challenge5/index.php on line 55
[11-Apr-2018 21:08:49 UTC] PHP Stack trace:
[11-Apr-2018 21:08:49 UTC] PHP   1. {main}() /home/ubuntu/workspace/yfunaki/CHALLENGES/challenge5/index.php:0
[11-Apr-2018 21:08:49 UTC] PHP   2. Num() /home/ubuntu/workspace/yfunaki/CHALLENGES/challenge5/index.php:26
[11-Apr-2018 21:08:55 UTC] PHP Fatal error:  Array callback has to contain indices 0 and 1 in /home/ubuntu/workspace/yfunaki/CHALLENGES/challenge5/index.php on line 55
[11-Apr-2018 21:08:55 UTC] PHP Stack trace:
[11-Apr-2018 21:08:55 UTC] PHP   1. {main}() /home/ubuntu/workspace/yfunaki/CHALLENGES/challenge5/index.php:0
[11-Apr-2018 21:08:55 UTC] PHP   2. Num() /home/ubuntu/workspace/yfunaki/CHALLENGES/challenge5/index.php:26
[11-Apr-2018 22:08:11 UTC] PHP Parse error:  syntax error, unexpected ')' in /home/ubuntu/workspace/yfunaki/CHALLENGES/challenge5/index.php on line 71
[11-Apr-2018 22:15:44 UTC] PHP Parse error:  syntax error, unexpected '{' in /home/ubuntu/workspace/yfunaki/CHALLENGES/challenge5/index.php on line 56
[11-Apr-2018 22:22:36 UTC] PHP Parse error:  syntax error, unexpected ';' in /home/ubuntu/workspace/yfunaki/CHALLENGES/challenge5/index.php on line 74
[11-Apr-2018 22:22:45 UTC] PHP Parse error:  syntax error, unexpected ';' in /home/ubuntu/workspace/yfunaki/CHALLENGES/challenge5/index.php on line 74
[11-Apr-2018 22:23:19 UTC] PHP Parse error:  syntax error, unexpected ';' in /home/ubuntu/workspace/yfunaki/CHALLENGES/challenge5/index.php on line 74
[11-Apr-2018 22:23:43 UTC] PHP Parse error:  syntax error, unexpected ';' in /home/ubuntu/workspace/yfunaki/CHALLENGES/challenge5/index.php on line 74
[11-Apr-2018 22:24:08 UTC] PHP Parse error:  syntax error, unexpected ';' in /home/ubuntu/workspace/yfunaki/CHALLENGES/challenge5/index.php on line 75
[11-Apr-2018 22:24:27 UTC] PHP Parse error:  syntax error, unexpected ';' in /home/ubuntu/workspace/yfunaki/CHALLENGES/challenge5/index.php on line 74
[11-Apr-2018 22:24:36 UTC] PHP Parse error:  syntax error, unexpected ';' in /home/ubuntu/workspace/yfunaki/CHALLENGES/challenge5/index.php on line 74
[11-Apr-2018 22:24:40 UTC] PHP Parse error:  syntax error, unexpected 'foreach' (T_FOREACH) in /home/ubuntu/workspace/yfunaki/CHALLENGES/challenge5/index.php on line 74
[11-Apr-2018 22:24:48 UTC] PHP Warning:  array_push() expects parameter 1 to be array, null given in /home/ubuntu/workspace/yfunaki/CHALLENGES/challenge5/index.php on line 73
[11-Apr-2018 22:24:48 UTC] PHP Stack trace:
[11-Apr-2018 22:24:48 UTC] PHP   1. {main}() /home/ubuntu/workspace/yfunaki/CHALLENGES/challenge5/index.php:0
[11-Apr-2018 22:24:48 UTC] PHP   2. Num() /home/ubuntu/workspace/yfunaki/CHALLENGES/challenge5/index.php:24
[11-Apr-2018 22:24:48 UTC] PHP   3. guessHistory() /home/ubuntu/workspace/yfunaki/CHALLENGES/challenge5/index.php:56
[11-Apr-2018 22:24:48 UTC] PHP   4. array_push() /home/ubuntu/workspace/yfunaki/CHALLENGES/challenge5/index.php:73
[11-Apr-2018 22:24:48 UTC] PHP Warning:  array_push() expects parameter 1 to be array, null given in /home/ubuntu/workspace/yfunaki/CHALLENGES/challenge5/index.php on line 73
[11-Apr-2018 22:24:48 UTC] PHP Stack trace:
[11-Apr-2018 22:24:48 UTC] PHP   1. {main}() /home/ubuntu/workspace/yfunaki/CHALLENGES/challenge5/index.php:0
[11-Apr-2018 22:24:48 UTC] PHP   2. guessHistory() /home/ubuntu/workspace/yfunaki/CHALLENGES/challenge5/index.php:102
[11-Apr-2018 22:24:48 UTC] PHP   3. array_push() /home/ubuntu/workspace/yfunaki/CHALLENGES/challenge5/index.php:73
[11-Apr-2018 22:25:01 UTC] PHP Warning:  array_push() expects parameter 1 to be array, null given in /home/ubuntu/workspace/yfunaki/CHALLENGES/challenge5/index.php on line 73
[11-Apr-2018 22:25:01 UTC] PHP Stack trace:
[11-Apr-2018 22:25:01 UTC] PHP   1. {main}() /home/ubuntu/workspace/yfunaki/CHALLENGES/challenge5/index.php:0
[11-Apr-2018 22:25:01 UTC] PHP   2. guessHistory() /home/ubuntu/workspace/yfunaki/CHALLENGES/challenge5/index.php:102
[11-Apr-2018 22:25:01 UTC] PHP   3. array_push() /home/ubuntu/workspace/yfunaki/CHALLENGES/challenge5/index.php:73
[11-Apr-2018 22:26:53 UTC] PHP Parse error:  syntax error, unexpected end of file in /home/ubuntu/workspace/yfunaki/CHALLENGES/challenge5/index.php on line 102
[11-Apr-2018 22:27:18 UTC] PHP Warning:  array_push() expects parameter 1 to be array, null given in /home/ubuntu/workspace/yfunaki/CHALLENGES/challenge5/index.php on line 73
[11-Apr-2018 22:27:18 UTC] PHP Stack trace:
[11-Apr-2018 22:27:18 UTC] PHP   1. {main}() /home/ubuntu/workspace/yfunaki/CHALLENGES/challenge5/index.php:0
[11-Apr-2018 22:27:18 UTC] PHP   2. Num() /home/ubuntu/workspace/yfunaki/CHALLENGES/challenge5/index.php:24
[11-Apr-2018 22:27:18 UTC] PHP   3. guessHistory() /home/ubuntu/workspace/yfunaki/CHALLENGES/challenge5/index.php:56
[11-Apr-2018 22:27:18 UTC] PHP   4. array_push() /home/ubuntu/workspace/yfunaki/CHALLENGES/challenge5/index.php:73
[11-Apr-2018 22:27:18 UTC] PHP Warning:  array_push() expects parameter 1 to be array, null given in /home/ubuntu/workspace/yfunaki/CHALLENGES/challenge5/index.php on line 73
[11-Apr-2018 22:27:18 UTC] PHP Stack trace:
[11-Apr-2018 22:27:18 UTC] PHP   1. {main}() /home/ubuntu/workspace/yfunaki/CHALLENGES/challenge5/index.php:0
[11-Apr-2018 22:27:18 UTC] PHP   2. guessHistory() /home/ubuntu/workspace/yfunaki/CHALLENGES/challenge5/index.php:100
[11-Apr-2018 22:27:18 UTC] PHP   3. array_push() /home/ubuntu/workspace/yfunaki/CHALLENGES/challenge5/index.php:73
[11-Apr-2018 22:27:18 UTC] PHP Warning:  array_push() expects parameter 1 to be array, null given in /home/ubuntu/workspace/yfunaki/CHALLENGES/challenge5/index.php on line 73
[11-Apr-2018 22:27:18 UTC] PHP Stack trace:
[11-Apr-2018 22:27:18 UTC] PHP   1. {main}() /home/ubuntu/workspace/yfunaki/CHALLENGES/challenge5/index.php:0
[11-Apr-2018 22:27:18 UTC] PHP   2. guessHistory() /home/ubuntu/workspace/yfunaki/CHALLENGES/challenge5/index.php:100
[11-Apr-2018 22:27:18 UTC] PHP   3. array_push() /home/ubuntu/workspace/yfunaki/CHALLENGES/challenge5/index.php:73
[11-Apr-2018 22:27:22 UTC] PHP Warning:  array_push() expects parameter 1 to be array, null given in /home/ubuntu/workspace/yfunaki/CHALLENGES/challenge5/index.php on line 73
[11-Apr-2018 22:27:22 UTC] PHP Stack trace:
[11-Apr-2018 22:27:22 UTC] PHP   1. {main}() /home/ubuntu/workspace/yfunaki/CHALLENGES/challenge5/index.php:0
[11-Apr-2018 22:27:22 UTC] PHP   2. guessHistory() /home/ubuntu/workspace/yfunaki/CHALLENGES/challenge5/index.php:100
[11-Apr-2018 22:27:22 UTC] PHP   3. array_push() /home/ubuntu/workspace/yfunaki/CHALLENGES/challenge5/index.php:73
[11-Apr-2018 22:27:31 UTC] PHP Warning:  array_push() expects parameter 1 to be array, null given in /home/ubuntu/workspace/yfunaki/CHALLENGES/challenge5/index.php on line 73
[11-Apr-2018 22:27:31 UTC] PHP Stack trace:
[11-Apr-2018 22:27:31 UTC] PHP   1. {main}() /home/ubuntu/workspace/yfunaki/CHALLENGES/challenge5/index.php:0
[11-Apr-2018 22:27:31 UTC] PHP   2. guessHistory() /home/ubuntu/workspace/yfunaki/CHALLENGES/challenge5/index.php:100
[11-Apr-2018 22:27:31 UTC] PHP   3. array_push() /home/ubuntu/workspace/yfunaki/CHALLENGES/challenge5/index.php:73
[11-Apr-2018 22:27:39 UTC] PHP Warning:  array_push() expects parameter 1 to be array, null given in /home/ubuntu/workspace/yfunaki/CHALLENGES/challenge5/index.php on line 73
[11-Apr-2018 22:27:39 UTC] PHP Stack trace:
[11-Apr-2018 22:27:39 UTC] PHP   1. {main}() /home/ubuntu/workspace/yfunaki/CHALLENGES/challenge5/index.php:0
[11-Apr-2018 22:27:39 UTC] PHP   2. Num() /home/ubuntu/workspace/yfunaki/CHALLENGES/challenge5/index.php:24
[11-Apr-2018 22:27:39 UTC] PHP   3. guessHistory() /home/ubuntu/workspace/yfunaki/CHALLENGES/challenge5/index.php:56
[11-Apr-2018 22:27:39 UTC] PHP   4. array_push() /home/ubuntu/workspace/yfunaki/CHALLENGES/challenge5/index.php:73
[11-Apr-2018 22:27:39 UTC] PHP Warning:  array_push() expects parameter 1 to be array, null given in /home/ubuntu/workspace/yfunaki/CHALLENGES/challenge5/index.php on line 73
[11-Apr-2018 22:27:39 UTC] PHP Stack trace:
[11-Apr-2018 22:27:39 UTC] PHP   1. {main}() /home/ubuntu/workspace/yfunaki/CHALLENGES/challenge5/index.php:0
[11-Apr-2018 22:27:39 UTC] PHP   2. guessHistory() /home/ubuntu/workspace/yfunaki/CHALLENGES/challenge5/index.php:100
[11-Apr-2018 22:27:39 UTC] PHP   3. array_push() /home/ubuntu/workspace/yfunaki/CHALLENGES/challenge5/index.php:73
[11-Apr-2018 22:28:09 UTC] PHP Warning:  array_push() expects parameter 1 to be array, null given in /home/ubuntu/workspace/yfunaki/CHALLENGES/challenge5/index.php on line 73
[11-Apr-2018 22:28:09 UTC] PHP Stack trace:
[11-Apr-2018 22:28:09 UTC] PHP   1. {main}() /home/ubuntu/workspace/yfunaki/CHALLENGES/challenge5/index.php:0
[11-Apr-2018 22:28:09 UTC] PHP   2. Num() /home/ubuntu/workspace/yfunaki/CHALLENGES/challenge5/index.php:24
[11-Apr-2018 22:28:09 UTC] PHP   3. guessHistory() /home/ubuntu/workspace/yfunaki/CHALLENGES/challenge5/index.php:56
[11-Apr-2018 22:28:09 UTC] PHP   4. array_push() /home/ubuntu/workspace/yfunaki/CHALLENGES/challenge5/index.php:73
[11-Apr-2018 22:28:09 UTC] PHP Warning:  array_push() expects parameter 1 to be array, null given in /home/ubuntu/workspace/yfunaki/CHALLENGES/challenge5/index.php on line 73
[11-Apr-2018 22:28:09 UTC] PHP Stack trace:
[11-Apr-2018 22:28:09 UTC] PHP   1. {main}() /home/ubuntu/workspace/yfunaki/CHALLENGES/challenge5/index.php:0
[11-Apr-2018 22:28:09 UTC] PHP   2. guessHistory() /home/ubuntu/workspace/yfunaki/CHALLENGES/challenge5/index.php:100
[11-Apr-2018 22:28:09 UTC] PHP   3. array_push() /home/ubuntu/workspace/yfunaki/CHALLENGES/challenge5/index.php:73
[11-Apr-2018 22:28:10 UTC] PHP Warning:  array_push() expects parameter 1 to be array, null given in /home/ubuntu/workspace/yfunaki/CHALLENGES/challenge5/index.php on line 73
[11-Apr-2018 22:28:10 UTC] PHP Stack trace:
[11-Apr-2018 22:28:10 UTC] PHP   1. {main}() /home/ubuntu/workspace/yfunaki/CHALLENGES/challenge5/index.php:0
[11-Apr-2018 22:28:10 UTC] PHP   2. guessHistory() /home/ubuntu/workspace/yfunaki/CHALLENGES/challenge5/index.php:100
[11-Apr-2018 22:28:10 UTC] PHP   3. array_push() /home/ubuntu/workspace/yfunaki/CHALLENGES/challenge5/index.php:73
[11-Apr-2018 22:29:10 UTC] PHP Parse error:  syntax error, unexpected '']; ' (T_CONSTANT_ENCAPSED_STRING), expecting ']' in /home/ubuntu/workspace/yfunaki/CHALLENGES/challenge5/index.php on line 60
[11-Apr-2018 22:30:06 UTC] PHP Warning:  session_destroy(): Trying to destroy uninitialized session in /home/ubuntu/workspace/yfunaki/CHALLENGES/challenge5/index.php on line 3
[11-Apr-2018 22:30:06 UTC] PHP Stack trace:
[11-Apr-2018 22:30:06 UTC] PHP   1. {main}() /home/ubuntu/workspace/yfunaki/CHALLENGES/challenge5/index.php:0
[11-Apr-2018 22:30:06 UTC] PHP   2. session_destroy() /home/ubuntu/workspace/yfunaki/CHALLENGES/challenge5/index.php:3
[11-Apr-2018 22:43:11 UTC] PHP Parse error:  syntax error, unexpected 'INTO' (T_STRING) in /home/ubuntu/workspace/yfunaki/CHALLENGES/challenge5/index.php on line 59
[11-Apr-2018 22:43:38 UTC] PHP Parse error:  syntax error, unexpected 'INTO' (T_STRING) in /home/ubuntu/workspace/yfunaki/CHALLENGES/challenge5/index.php on line 59
[11-Apr-2018 22:44:11 UTC] PHP Parse error:  syntax error, unexpected 'INTO' (T_STRING) in /home/ubuntu/workspace/yfunaki/CHALLENGES/challenge5/index.php on line 59
[11-Apr-2018 22:44:11 UTC] PHP Parse error:  syntax error, unexpected 'INTO' (T_STRING) in /home/ubuntu/workspace/yfunaki/CHALLENGES/challenge5/index.php on line 59
[11-Apr-2018 22:44:17 UTC] PHP Parse error:  syntax error, unexpected 'INTO' (T_STRING) in /home/ubuntu/workspace/yfunaki/CHALLENGES/challenge5/index.php on line 59
[11-Apr-2018 22:44:22 UTC] PHP Parse error:  syntax error, unexpected 'INTO' (T_STRING) in /home/ubuntu/workspace/yfunaki/CHALLENGES/challenge5/index.php on line 59
[11-Apr-2018 22:44:24 UTC] PHP Parse error:  syntax error, unexpected 'INTO' (T_STRING) in /home/ubuntu/workspace/yfunaki/CHALLENGES/challenge5/index.php on line 59
[11-Apr-2018 22:44:27 UTC] PHP Parse error:  syntax error, unexpected 'INTO' (T_STRING) in /home/ubuntu/workspace/yfunaki/CHALLENGES/challenge5/index.php on line 59
[11-Apr-2018 22:44:33 UTC] PHP Parse error:  syntax error, unexpected 'INTO' (T_STRING) in /home/ubuntu/workspace/yfunaki/CHALLENGES/challenge5/index.php on line 59
[11-Apr-2018 22:44:36 UTC] PHP Parse error:  syntax error, unexpected 'INTO' (T_STRING) in /home/ubuntu/workspace/yfunaki/CHALLENGES/challenge5/index.php on line 59
[11-Apr-2018 22:44:58 UTC] PHP Parse error:  syntax error, unexpected 'INTO' (T_STRING) in /home/ubuntu/workspace/yfunaki/CHALLENGES/challenge5/index.php on line 59
[11-Apr-2018 22:45:42 UTC] PHP Warning:  include(../dbConnection.php): failed to open stream: No such file or directory in /home/ubuntu/workspace/yfunaki/CHALLENGES/challenge5.2/index.php on line 4
[11-Apr-2018 22:45:42 UTC] PHP Stack trace:
[11-Apr-2018 22:45:42 UTC] PHP   1. {main}() /home/ubuntu/workspace/yfunaki/CHALLENGES/challenge5.2/index.php:0
[11-Apr-2018 22:45:42 UTC] PHP Warning:  include(): Failed opening '../dbConnection.php' for inclusion (include_path='.:/usr/share/php:/usr/share/pear') in /home/ubuntu/workspace/yfunaki/CHALLENGES/challenge5.2/index.php on line 4
[11-Apr-2018 22:45:42 UTC] PHP Stack trace:
[11-Apr-2018 22:45:42 UTC] PHP   1. {main}() /home/ubuntu/workspace/yfunaki/CHALLENGES/challenge5.2/index.php:0
[11-Apr-2018 22:45:42 UTC] PHP Fatal error:  Call to undefined function getDatabaseConnection() in /home/ubuntu/workspace/yfunaki/CHALLENGES/challenge5.2/index.php on line 5
[11-Apr-2018 22:45:42 UTC] PHP Stack trace:
[11-Apr-2018 22:45:42 UTC] PHP   1. {main}() /home/ubuntu/workspace/yfunaki/CHALLENGES/challenge5.2/index.php:0
[11-Apr-2018 22:46:12 UTC] PHP Fatal error:  Uncaught exception 'PDOException' with message 'SQLSTATE[42000]: Syntax error or access violation: 1065 Query was empty' in /home/ubuntu/workspace/yfunaki/CHALLENGES/challenge5.2/index.php:86
Stack trace:
#0 /home/ubuntu/workspace/yfunaki/CHALLENGES/challenge5.2/index.php(86): PDO->query('')
#1 /home/ubuntu/workspace/yfunaki/CHALLENGES/challenge5.2/index.php(116): guessHistory()
#2 {main}
  thrown in /home/ubuntu/workspace/yfunaki/CHALLENGES/challenge5.2/index.php on line 86
[11-Apr-2018 22:46:20 UTC] PHP Fatal error:  Uncaught exception 'PDOException' with message 'SQLSTATE[42000]: Syntax error or access violation: 1065 Query was empty' in /home/ubuntu/workspace/yfunaki/CHALLENGES/challenge5.2/index.php:86
Stack trace:
#0 /home/ubuntu/workspace/yfunaki/CHALLENGES/challenge5.2/index.php(86): PDO->query('')
#1 /home/ubuntu/workspace/yfunaki/CHALLENGES/challenge5.2/index.php(116): guessHistory()
#2 {main}
  thrown in /home/ubuntu/workspace/yfunaki/CHALLENGES/challenge5.2/index.php on line 86
[11-Apr-2018 22:46:58 UTC] PHP Fatal error:  Uncaught exception 'PDOException' with message 'SQLSTATE[42000]: Syntax error or access violation: 1065 Query was empty' in /home/ubuntu/workspace/yfunaki/CHALLENGES/challenge5.2/index.php:86
Stack trace:
#0 /home/ubuntu/workspace/yfunaki/CHALLENGES/challenge5.2/index.php(86): PDO->query('')
#1 /home/ubuntu/workspace/yfunaki/CHALLENGES/challenge5.2/index.php(116): guessHistory()
#2 {main}
  thrown in /home/ubuntu/workspace/yfunaki/CHALLENGES/challenge5.2/index.php on line 86
[11-Apr-2018 22:47:02 UTC] PHP Fatal error:  Uncaught exception 'PDOException' with message 'SQLSTATE[42S22]: Column not found: 1054 Unknown column 'Array' in 'field list'' in /home/ubuntu/workspace/yfunaki/CHALLENGES/challenge5.2/index.php:68
Stack trace:
#0 /home/ubuntu/workspace/yfunaki/CHALLENGES/challenge5.2/index.php(68): PDOStatement->execute(NULL)
#1 /home/ubuntu/workspace/yfunaki/CHALLENGES/challenge5.2/index.php(27): Num('4')
#2 {main}
  thrown in /home/ubuntu/workspace/yfunaki/CHALLENGES/challenge5.2/index.php on line 68
[11-Apr-2018 22:47:33 UTC] PHP Fatal error:  Uncaught exception 'PDOException' with message 'SQLSTATE[42000]: Syntax error or access violation: 1065 Query was empty' in /home/ubuntu/workspace/yfunaki/CHALLENGES/challenge5.2/index.php:86
Stack trace:
#0 /home/ubuntu/workspace/yfunaki/CHALLENGES/challenge5.2/index.php(86): PDO->query('')
#1 /home/ubuntu/workspace/yfunaki/CHALLENGES/challenge5.2/index.php(116): guessHistory()
#2 {main}
  thrown in /home/ubuntu/workspace/yfunaki/CHALLENGES/challenge5.2/index.php on line 86
[11-Apr-2018 22:47:35 UTC] PHP Fatal error:  Uncaught exception 'PDOException' with message 'SQLSTATE[42S22]: Column not found: 1054 Unknown column 'Array' in 'field list'' in /home/ubuntu/workspace/yfunaki/CHALLENGES/challenge5.2/index.php:68
Stack trace:
#0 /home/ubuntu/workspace/yfunaki/CHALLENGES/challenge5.2/index.php(68): PDOStatement->execute()
#1 /home/ubuntu/workspace/yfunaki/CHALLENGES/challenge5.2/index.php(27): Num('4')
#2 {main}
  thrown in /home/ubuntu/workspace/yfunaki/CHALLENGES/challenge5.2/index.php on line 68
[11-Apr-2018 22:47:37 UTC] PHP Fatal error:  Uncaught exception 'PDOException' with message 'SQLSTATE[42S22]: Column not found: 1054 Unknown column 'Array' in 'field list'' in /home/ubuntu/workspace/yfunaki/CHALLENGES/challenge5.2/index.php:68
Stack trace:
#0 /home/ubuntu/workspace/yfunaki/CHALLENGES/challenge5.2/index.php(68): PDOStatement->execute()
#1 /home/ubuntu/workspace/yfunaki/CHALLENGES/challenge5.2/index.php(27): Num('4')
#2 {main}
  thrown in /home/ubuntu/workspace/yfunaki/CHALLENGES/challenge5.2/index.php on line 68
[11-Apr-2018 22:47:38 UTC] PHP Fatal error:  Uncaught exception 'PDOException' with message 'SQLSTATE[42S22]: Column not found: 1054 Unknown column 'Array' in 'field list'' in /home/ubuntu/workspace/yfunaki/CHALLENGES/challenge5.2/index.php:68
Stack trace:
#0 /home/ubuntu/workspace/yfunaki/CHALLENGES/challenge5.2/index.php(68): PDOStatement->execute()
#1 /home/ubuntu/workspace/yfunaki/CHALLENGES/challenge5.2/index.php(27): Num('4')
#2 {main}
  thrown in /home/ubuntu/workspace/yfunaki/CHALLENGES/challenge5.2/index.php on line 68
[11-Apr-2018 22:47:39 UTC] PHP Fatal error:  Uncaught exception 'PDOException' with message 'SQLSTATE[42S22]: Column not found: 1054 Unknown column 'Array' in 'field list'' in /home/ubuntu/workspace/yfunaki/CHALLENGES/challenge5.2/index.php:68
Stack trace:
#0 /home/ubuntu/workspace/yfunaki/CHALLENGES/challenge5.2/index.php(68): PDOStatement->execute()
#1 /home/ubuntu/workspace/yfunaki/CHALLENGES/challenge5.2/index.php(27): Num('4')
#2 {main}
  thrown in /home/ubuntu/workspace/yfunaki/CHALLENGES/challenge5.2/index.php on line 68
[11-Apr-2018 22:47:43 UTC] PHP Fatal error:  Uncaught exception 'PDOException' with message 'SQLSTATE[42S22]: Column not found: 1054 Unknown column 'Array' in 'field list'' in /home/ubuntu/workspace/yfunaki/CHALLENGES/challenge5.2/index.php:68
Stack trace:
#0 /home/ubuntu/workspace/yfunaki/CHALLENGES/challenge5.2/index.php(68): PDOStatement->execute()
#1 /home/ubuntu/workspace/yfunaki/CHALLENGES/challenge5.2/index.php(27): Num('4')
#2 {main}
  thrown in /home/ubuntu/workspace/yfunaki/CHALLENGES/challenge5.2/index.php on line 68
[11-Apr-2018 22:47:49 UTC] PHP Fatal error:  Uncaught exception 'PDOException' with message 'SQLSTATE[42000]: Syntax error or access violation: 1065 Query was empty' in /home/ubuntu/workspace/yfunaki/CHALLENGES/challenge5.2/index.php:86
Stack trace:
#0 /home/ubuntu/workspace/yfunaki/CHALLENGES/challenge5.2/index.php(86): PDO->query('')
#1 /home/ubuntu/workspace/yfunaki/CHALLENGES/challenge5.2/index.php(116): guessHistory()
#2 {main}
  thrown in /home/ubuntu/workspace/yfunaki/CHALLENGES/challenge5.2/index.php on line 86
[11-Apr-2018 22:48:34 UTC] PHP Warning:  Invalid argument supplied for foreach() in /home/ubuntu/workspace/yfunaki/CHALLENGES/challenge5.2/index.php on line 91
[11-Apr-2018 22:48:34 UTC] PHP Stack trace:
[11-Apr-2018 22:48:34 UTC] PHP   1. {main}() /home/ubuntu/workspace/yfunaki/CHALLENGES/challenge5.2/index.php:0
[11-Apr-2018 22:48:34 UTC] PHP   2. guessHistory() /home/ubuntu/workspace/yfunaki/CHALLENGES/challenge5.2/index.php:117
[11-Apr-2018 22:48:37 UTC] PHP Warning:  Invalid argument supplied for foreach() in /home/ubuntu/workspace/yfunaki/CHALLENGES/challenge5.2/index.php on line 91
[11-Apr-2018 22:48:37 UTC] PHP Stack trace:
[11-Apr-2018 22:48:37 UTC] PHP   1. {main}() /home/ubuntu/workspace/yfunaki/CHALLENGES/challenge5.2/index.php:0
[11-Apr-2018 22:48:37 UTC] PHP   2. guessHistory() /home/ubuntu/workspace/yfunaki/CHALLENGES/challenge5.2/index.php:117
[11-Apr-2018 22:48:55 UTC] PHP Fatal error:  Uncaught exception 'PDOException' with message 'SQLSTATE[42S22]: Column not found: 1054 Unknown column 'Array' in 'field list'' in /home/ubuntu/workspace/yfunaki/CHALLENGES/challenge5.2/index.php:68
Stack trace:
#0 /home/ubuntu/workspace/yfunaki/CHALLENGES/challenge5.2/index.php(68): PDOStatement->execute()
#1 /home/ubuntu/workspace/yfunaki/CHALLENGES/challenge5.2/index.php(27): Num('4')
#2 {main}
  thrown in /home/ubuntu/workspace/yfunaki/CHALLENGES/challenge5.2/index.php on line 68
